Hmm ... looks like a package
Converting parsed Rd's to LaTeX .
Creating pdf output from LaTeX ...

This is pdfTeX, Version 3.141592653-2.6-1.40.25 (TeX Live 2023/Debian) (preloaded format=pdflatex)
 restricted \write18 enabled.
entering extended mode
LaTeX2e <2023-11-01> patch level 1
L3 programming layer <2024-01-22>
(./Rd2.tex
(/usr/share/texlive/texmf-dist/tex/latex/base/book.cls
Document Class: book 2023/05/17 v1.4n Standard LaTeX document class
(/usr/share/texlive/texmf-dist/tex/latex/base/bk10.clo))
(/usr/share/R/share/texmf/tex/latex/Rd.sty
(/usr/share/texlive/texmf-dist/tex/latex/base/ifthen.sty)
(/usr/share/texlive/texmf-dist/tex/generic/iftex/iftex.sty)
(/usr/share/texlive/texmf-dist/tex/latex/tools/longtable.sty)
(/usr/share/texlive/texmf-dist/tex/latex/tools/bm.sty)
(/usr/share/texlive/texmf-dist/tex/latex/base/alltt.sty)
(/usr/share/texlive/texmf-dist/tex/latex/tools/verbatim.sty)
(/usr/share/texlive/texmf-dist/tex/latex/url/url.sty)
(/usr/share/texlive/texmf-dist/tex/latex/base/textcomp.sty)
(/usr/share/texlive/texmf-dist/tex/latex/amsmath/amsmath.sty
For additional information on amsmath, use the `?' option.
(/usr/share/texlive/texmf-dist/tex/latex/amsmath/amstext.sty
(/usr/share/texlive/texmf-dist/tex/latex/amsmath/amsgen.sty))
(/usr/share/texlive/texmf-dist/tex/latex/amsmath/amsbsy.sty)
(/usr/share/texlive/texmf-dist/tex/latex/amsmath/amsopn.sty))
(/usr/share/texlive/texmf-dist/tex/latex/amsfonts/amsfonts.sty)
(/usr/share/texlive/texmf-dist/tex/latex/amsfonts/amssymb.sty)
(/usr/share/texlive/texmf-dist/tex/latex/jknapltx/mathrsfs.sty)
(/usr/share/texlive/texmf-dist/tex/latex/base/fontenc.sty)
(/usr/share/texlive/texmf-dist/tex/latex/psnfss/times.sty)
(/usr/share/texlive/texmf-dist/tex/latex/inconsolata/zi4.sty
`inconsolata-zi4' v1.12, 2019/05/17 Text macros for Inconsolata (msharpe)
(/usr/share/texlive/texmf-dist/tex/latex/xkeyval/xkeyval.sty
(/usr/share/texlive/texmf-dist/tex/generic/xkeyval/xkeyval.tex
(/usr/share/texlive/texmf-dist/tex/generic/xkeyval/xkvutils.tex
(/usr/share/texlive/texmf-dist/tex/generic/xkeyval/keyval.tex)))))
(/usr/share/texlive/texmf-dist/tex/latex/graphics/color.sty
(/usr/share/texlive/texmf-dist/tex/latex/graphics-cfg/color.cfg)
(/usr/share/texlive/texmf-dist/tex/latex/graphics-def/pdftex.def)
(/usr/share/texlive/texmf-dist/tex/latex/graphics/mathcolor.ltx))
(/usr/share/texlive/texmf-dist/tex/latex/hyperref/hyperref.sty
(/usr/share/texlive/texmf-dist/tex/latex/kvsetkeys/kvsetkeys.sty)
(/usr/share/texlive/texmf-dist/tex/generic/kvdefinekeys/kvdefinekeys.sty)
(/usr/share/texlive/texmf-dist/tex/generic/pdfescape/pdfescape.sty
(/usr/share/texlive/texmf-dist/tex/generic/ltxcmds/ltxcmds.sty)
(/usr/share/texlive/texmf-dist/tex/generic/pdftexcmds/pdftexcmds.sty
(/usr/share/texlive/texmf-dist/tex/generic/infwarerr/infwarerr.sty)))
(/usr/share/texlive/texmf-dist/tex/latex/hycolor/hycolor.sty)
(/usr/share/texlive/texmf-dist/tex/latex/auxhook/auxhook.sty)
(/usr/share/texlive/texmf-dist/tex/latex/hyperref/nameref.sty
(/usr/share/texlive/texmf-dist/tex/latex/refcount/refcount.sty)
(/usr/share/texlive/texmf-dist/tex/generic/gettitlestring/gettitlestring.sty
(/usr/share/texlive/texmf-dist/tex/latex/kvoptions/kvoptions.sty)))
(/usr/share/texlive/texmf-dist/tex/latex/etoolbox/etoolbox.sty)
(/usr/share/texlive/texmf-dist/tex/latex/hyperref/pd1enc.def)
(/usr/share/texlive/texmf-dist/tex/generic/intcalc/intcalc.sty)
(/usr/share/texlive/texmf-dist/tex/latex/hyperref/puenc.def)
(/usr/share/texlive/texmf-dist/tex/generic/bitset/bitset.sty
(/usr/share/texlive/texmf-dist/tex/generic/bigintcalc/bigintcalc.sty))
(/usr/share/texlive/texmf-dist/tex/latex/base/atbegshi-ltx.sty))
(/usr/share/texlive/texmf-dist/tex/latex/hyperref/hpdftex.def
(/usr/share/texlive/texmf-dist/tex/latex/base/atveryend-ltx.sty)
(/usr/share/texlive/texmf-dist/tex/latex/rerunfilecheck/rerunfilecheck.sty
(/usr/share/texlive/texmf-dist/tex/generic/uniquecounter/uniquecounter.sty))))
(/usr/share/texlive/texmf-dist/tex/latex/base/makeidx.sty)
Writing index file Rd2.idx
(/usr/share/texlive/texmf-dist/tex/latex/psnfss/t1ptm.fd)
(/usr/share/texlive/texmf-dist/tex/latex/l3backend/l3backend-pdftex.def)
No file Rd2.aux.
(/usr/share/texlive/texmf-dist/tex/context/base/mkii/supp-pdf.mkii
[Loading MPS to PDF converter (version 2006.09.02).]
) (/usr/share/texlive/texmf-dist/tex/latex/inconsolata/t1zi4.fd)
(/usr/share/texlive/texmf-dist/tex/latex/amsfonts/umsa.fd)
(/usr/share/texlive/texmf-dist/tex/latex/amsfonts/umsb.fd)
(/usr/share/texlive/texmf-dist/tex/latex/jknapltx/ursfs.fd)
No file Rd2.toc.
[1{/var/lib/texmf/fonts/map/pdftex/updmap/pdftex.map}{/usr/share/texlive/texmf-
dist/fonts/enc/dvips/base/8r.enc}{/usr/share/texlive/texmf-dist/fonts/enc/dvips
/inconsolata/i4-t1-0.enc}]
(/usr/share/texlive/texmf-dist/tex/latex/psnfss/ts1ptm.fd) [2] [3]
Overfull \hbox (34.55869pt too wide) in paragraph at lines 191--195
\T1/ptm/m/n/10 faults to []\T1/zi4/m/n/10 "L-BFGS-B"[]\T1/ptm/m/n/10 . Meth-ods
 that do not sup-port box con-straints (e.g. []\T1/zi4/m/n/10 "Nelder-Mead"[]\T
1/ptm/m/n/10 )
[4] [5] [6]
Overfull \hbox (7.88837pt too wide) in paragraph at lines 340--343
[]\T1/ptm/m/n/10 Function defin-ing the ODE sys-tem. Must have sig-na-ture []\T
1/zi4/m/n/10 function(time, state,
(/usr/share/texlive/texmf-dist/tex/latex/inconsolata/ts1zi4.fd) [7] [8{/usr/sha
re/texlive/texmf-dist/fonts/enc/dvips/inconsolata/i4-ts1.enc}] [9]
Overfull \hbox (7.05838pt too wide) in paragraph at lines 541--543
[]\T1/ptm/m/n/10 Optional nu-meric vec-tor of time points. Over-rides []\T1/zi4
/m/n/10 n_days[]\T1/ptm/m/n/10 . De-faults to []\T1/zi4/m/n/10 0:(n_days
[10] [11] [12] [13]
Overfull \hbox (70.49583pt too wide) in paragraph at lines 777--780
[]\T1/ptm/m/n/10 An []\T1/zi4/m/n/10 epi_model []\T1/ptm/m/n/10 ob-ject rep-re-
sent-ing a de-ter-min-is-tic \T1/ptm/b/n/10 SEIRS \T1/ptm/m/n/10 (Sus-cep-ti-bl
e^^UExposed^^UInfectious^^URecovered^^USusceptible)
[14] [15]
Overfull \hbox (13.82657pt too wide) in paragraph at lines 929--932
[]\T1/ptm/m/n/10 An []\T1/zi4/m/n/10 epi_model []\T1/ptm/m/n/10 ob-ject rep-re-
sent-ing a de-ter-min-is-tic \T1/ptm/b/n/10 SEIR \T1/ptm/m/n/10 (Sus-cep-ti-ble
^^UExposed^^UInfectious^^URecovered)
[16] [17] [18]
Overfull \hbox (1.16788pt too wide) in paragraph at lines 1114--1120
\T1/ptm/m/n/10 ting la-bels and does not af-fect the nu-mer-i-cal sim-u-la-tion
. The op-tional []\T1/zi4/m/n/10 time_unit

Overfull \hbox (15.49828pt too wide) in paragraph at lines 1121--1124
[]\T1/ptm/m/n/10 Named nu-meric vec-tor of model pa-ram-e-ters. Names must matc
h []\T1/zi4/m/n/10 model$par_names[]\T1/ptm/m/n/10 .
[19]
Overfull \hbox (12.1558pt too wide) in paragraph at lines 1146--1149
[]\T1/ptm/m/n/10 The []\T1/zi4/m/n/10 model []\T1/ptm/m/n/10 ar-gu-ment must be
 an ob-ject of class []\T1/zi4/m/n/10 "epi_model"[]\T1/ptm/m/n/10 , typ-i-cally
 cre-ated with [][][]\T1/zi4/m/n/10 new_epi_model[][][][]\T1/ptm/m/n/10 .

Overfull \hbox (21.92503pt too wide) in paragraph at lines 1158--1162
[]\T1/ptm/m/n/10 Optionally, the model may de-fine a la-tent in-ci-dence pro-ce
ss by re-turn-ing a vari-able named []\T1/zi4/m/n/10 "incidence"

Overfull \hbox (4.10544pt too wide) in paragraph at lines 1218--1220
[]\T1/ptm/m/n/10 If []\T1/zi4/m/n/10 method []\T1/ptm/m/n/10 is not sup-plied, 
[]\T1/zi4/m/n/10 deSolve::ode() []\T1/ptm/m/n/10 uses its de-fault in-te-gra-ti
on method (typ-i-cally []\T1/zi4/m/n/10 "lsoda"[]\T1/ptm/m/n/10 ). 
[20] [21]
Overfull \hbox (24.3861pt too wide) in paragraph at lines 1322--1325
[]\T1/ptm/m/n/10 An []\T1/zi4/m/n/10 epi_model []\T1/ptm/m/n/10 ob-ject rep-re-
sent-ing a de-ter-min-is-tic \T1/ptm/b/n/10 SIRS \T1/ptm/m/n/10 (Sus-cep-ti-ble
^^UInfectious^^URecovered^^USusceptible)
[22] [23] [24] [25] [26] [27] [28]
No file Rd2.ind.
[29] (/tmp/Rtmp0myExs/Rd2pdf20516f9ee26c/Rd2.aux)

Package rerunfilecheck Warning: File `Rd2.out' has changed.
(rerunfilecheck)                Rerun to get outlines right
(rerunfilecheck)                or use package `bookmark'.

 )
(see the transcript file for additional information)
pdfTeX warning (dest): name{Rfn.summary} has been referenced but does not exist
, replaced by a fixed one


pdfTeX warning (dest): name{Rfn.print} has been referenced but does not exist, 
replaced by a fixed one


pdfTeX warning (dest): name{Rfn.matplot} has been referenced but does not exist
, replaced by a fixed one


pdfTeX warning (dest): name{Rfn.plot} has been referenced but does not exist, r
eplaced by a fixed one


pdfTeX warning (dest): name{Rfn.ode} has been referenced but does not exist, re
placed by a fixed one


pdfTeX warning (dest): name{Rfn.optim} has been referenced but does not exist, 
replaced by a fixed one


pdfTeX warning (dest): name{Rfn.epi.Rul.model} has been referenced but does not
 exist, replaced by a fixed one

</usr/share/texlive/texmf-dist/fonts/type1/public/inconsolata/Inconsolata-zi4r.
pfb></usr/share/texlive/texmf-dist/fonts/type1/public/amsfonts/cm/cmmi10.pfb></
usr/share/texlive/texmf-dist/fonts/type1/public/amsfonts/cm/cmmi7.pfb></usr/sha
re/texlive/texmf-dist/fonts/type1/public/amsfonts/cm/cmr10.pfb></usr/share/texl
ive/texmf-dist/fonts/type1/public/amsfonts/cm/cmr7.pfb></usr/share/texlive/texm
f-dist/fonts/type1/public/amsfonts/cm/cmsy10.pfb></usr/share/texlive/texmf-dist
/fonts/type1/urw/times/utmb8a.pfb></usr/share/texlive/texmf-dist/fonts/type1/ur
w/times/utmr8a.pfb></usr/share/texlive/texmf-dist/fonts/type1/urw/times/utmr8a.
pfb></usr/share/texlive/texmf-dist/fonts/type1/urw/times/utmri8a.pfb>
Output written on Rd2.pdf (29 pages, 186899 bytes).
Transcript written on Rd2.log.
This is makeindex, version 2.17 [TeX Live 2023] (kpathsea + Thai support).
Scanning input file Rd2.idx....done (98 entries accepted, 0 rejected).
Sorting entries....done (722 comparisons).
Generating output file Rd2.ind....done (92 lines written, 0 warnings).
Output written in Rd2.ind.
Transcript written in Rd2.ilg.
This is pdfTeX, Version 3.141592653-2.6-1.40.25 (TeX Live 2023/Debian) (preloaded format=pdflatex)
 restricted \write18 enabled.
entering extended mode
LaTeX2e <2023-11-01> patch level 1
L3 programming layer <2024-01-22>
(./Rd2.tex
(/usr/share/texlive/texmf-dist/tex/latex/base/book.cls
Document Class: book 2023/05/17 v1.4n Standard LaTeX document class
(/usr/share/texlive/texmf-dist/tex/latex/base/bk10.clo))
(/usr/share/R/share/texmf/tex/latex/Rd.sty
(/usr/share/texlive/texmf-dist/tex/latex/base/ifthen.sty)
(/usr/share/texlive/texmf-dist/tex/generic/iftex/iftex.sty)
(/usr/share/texlive/texmf-dist/tex/latex/tools/longtable.sty)
(/usr/share/texlive/texmf-dist/tex/latex/tools/bm.sty)
(/usr/share/texlive/texmf-dist/tex/latex/base/alltt.sty)
(/usr/share/texlive/texmf-dist/tex/latex/tools/verbatim.sty)
(/usr/share/texlive/texmf-dist/tex/latex/url/url.sty)
(/usr/share/texlive/texmf-dist/tex/latex/base/textcomp.sty)
(/usr/share/texlive/texmf-dist/tex/latex/amsmath/amsmath.sty
For additional information on amsmath, use the `?' option.
(/usr/share/texlive/texmf-dist/tex/latex/amsmath/amstext.sty
(/usr/share/texlive/texmf-dist/tex/latex/amsmath/amsgen.sty))
(/usr/share/texlive/texmf-dist/tex/latex/amsmath/amsbsy.sty)
(/usr/share/texlive/texmf-dist/tex/latex/amsmath/amsopn.sty))
(/usr/share/texlive/texmf-dist/tex/latex/amsfonts/amsfonts.sty)
(/usr/share/texlive/texmf-dist/tex/latex/amsfonts/amssymb.sty)
(/usr/share/texlive/texmf-dist/tex/latex/jknapltx/mathrsfs.sty)
(/usr/share/texlive/texmf-dist/tex/latex/base/fontenc.sty)
(/usr/share/texlive/texmf-dist/tex/latex/psnfss/times.sty)
(/usr/share/texlive/texmf-dist/tex/latex/inconsolata/zi4.sty
`inconsolata-zi4' v1.12, 2019/05/17 Text macros for Inconsolata (msharpe)
(/usr/share/texlive/texmf-dist/tex/latex/xkeyval/xkeyval.sty
(/usr/share/texlive/texmf-dist/tex/generic/xkeyval/xkeyval.tex
(/usr/share/texlive/texmf-dist/tex/generic/xkeyval/xkvutils.tex
(/usr/share/texlive/texmf-dist/tex/generic/xkeyval/keyval.tex)))))
(/usr/share/texlive/texmf-dist/tex/latex/graphics/color.sty
(/usr/share/texlive/texmf-dist/tex/latex/graphics-cfg/color.cfg)
(/usr/share/texlive/texmf-dist/tex/latex/graphics-def/pdftex.def)
(/usr/share/texlive/texmf-dist/tex/latex/graphics/mathcolor.ltx))
(/usr/share/texlive/texmf-dist/tex/latex/hyperref/hyperref.sty
(/usr/share/texlive/texmf-dist/tex/latex/kvsetkeys/kvsetkeys.sty)
(/usr/share/texlive/texmf-dist/tex/generic/kvdefinekeys/kvdefinekeys.sty)
(/usr/share/texlive/texmf-dist/tex/generic/pdfescape/pdfescape.sty
(/usr/share/texlive/texmf-dist/tex/generic/ltxcmds/ltxcmds.sty)
(/usr/share/texlive/texmf-dist/tex/generic/pdftexcmds/pdftexcmds.sty
(/usr/share/texlive/texmf-dist/tex/generic/infwarerr/infwarerr.sty)))
(/usr/share/texlive/texmf-dist/tex/latex/hycolor/hycolor.sty)
(/usr/share/texlive/texmf-dist/tex/latex/auxhook/auxhook.sty)
(/usr/share/texlive/texmf-dist/tex/latex/hyperref/nameref.sty
(/usr/share/texlive/texmf-dist/tex/latex/refcount/refcount.sty)
(/usr/share/texlive/texmf-dist/tex/generic/gettitlestring/gettitlestring.sty
(/usr/share/texlive/texmf-dist/tex/latex/kvoptions/kvoptions.sty)))
(/usr/share/texlive/texmf-dist/tex/latex/etoolbox/etoolbox.sty)
(/usr/share/texlive/texmf-dist/tex/latex/hyperref/pd1enc.def)
(/usr/share/texlive/texmf-dist/tex/generic/intcalc/intcalc.sty)
(/usr/share/texlive/texmf-dist/tex/latex/hyperref/puenc.def)
(/usr/share/texlive/texmf-dist/tex/generic/bitset/bitset.sty
(/usr/share/texlive/texmf-dist/tex/generic/bigintcalc/bigintcalc.sty))
(/usr/share/texlive/texmf-dist/tex/latex/base/atbegshi-ltx.sty))
(/usr/share/texlive/texmf-dist/tex/latex/hyperref/hpdftex.def
(/usr/share/texlive/texmf-dist/tex/latex/base/atveryend-ltx.sty)
(/usr/share/texlive/texmf-dist/tex/latex/rerunfilecheck/rerunfilecheck.sty
(/usr/share/texlive/texmf-dist/tex/generic/uniquecounter/uniquecounter.sty))))
(/usr/share/texlive/texmf-dist/tex/latex/base/makeidx.sty)
Writing index file Rd2.idx
(/usr/share/texlive/texmf-dist/tex/latex/psnfss/t1ptm.fd)
(/usr/share/texlive/texmf-dist/tex/latex/l3backend/l3backend-pdftex.def)
(/tmp/Rtmp0myExs/Rd2pdf20516f9ee26c/Rd2.aux)
(/usr/share/texlive/texmf-dist/tex/context/base/mkii/supp-pdf.mkii
[Loading MPS to PDF converter (version 2006.09.02).]
) (/tmp/Rtmp0myExs/Rd2pdf20516f9ee26c/Rd2.out)
(/tmp/Rtmp0myExs/Rd2pdf20516f9ee26c/Rd2.out)
(/usr/share/texlive/texmf-dist/tex/latex/inconsolata/t1zi4.fd)
(/usr/share/texlive/texmf-dist/tex/latex/amsfonts/umsa.fd)
(/usr/share/texlive/texmf-dist/tex/latex/amsfonts/umsb.fd)
(/usr/share/texlive/texmf-dist/tex/latex/jknapltx/ursfs.fd)
(/tmp/Rtmp0myExs/Rd2pdf20516f9ee26c/Rd2.toc [1{/var/lib/texmf/fonts/map/pdftex/
updmap/pdftex.map}{/usr/share/texlive/texmf-dist/fonts/enc/dvips/base/8r.enc}{/
usr/share/texlive/texmf-dist/fonts/enc/dvips/inconsolata/i4-t1-0.enc}])
[2] (/usr/share/texlive/texmf-dist/tex/latex/psnfss/ts1ptm.fd) [3]
Overfull \hbox (34.55869pt too wide) in paragraph at lines 191--195
\T1/ptm/m/n/10 faults to []\T1/zi4/m/n/10 "L-BFGS-B"[]\T1/ptm/m/n/10 . Meth-ods
 that do not sup-port box con-straints (e.g. []\T1/zi4/m/n/10 "Nelder-Mead"[]\T
1/ptm/m/n/10 )
[4] [5] [6]
Overfull \hbox (7.88837pt too wide) in paragraph at lines 340--343
[]\T1/ptm/m/n/10 Function defin-ing the ODE sys-tem. Must have sig-na-ture []\T
1/zi4/m/n/10 function(time, state,
[7] (/usr/share/texlive/texmf-dist/tex/latex/inconsolata/ts1zi4.fd) [8{/usr/sha
re/texlive/texmf-dist/fonts/enc/dvips/inconsolata/i4-ts1.enc}] [9]
Overfull \hbox (7.05838pt too wide) in paragraph at lines 541--543
[]\T1/ptm/m/n/10 Optional nu-meric vec-tor of time points. Over-rides []\T1/zi4
/m/n/10 n_days[]\T1/ptm/m/n/10 . De-faults to []\T1/zi4/m/n/10 0:(n_days
[10] [11] [12] [13]
Overfull \hbox (70.49583pt too wide) in paragraph at lines 777--780
[]\T1/ptm/m/n/10 An []\T1/zi4/m/n/10 epi_model []\T1/ptm/m/n/10 ob-ject rep-re-
sent-ing a de-ter-min-is-tic \T1/ptm/b/n/10 SEIRS \T1/ptm/m/n/10 (Sus-cep-ti-bl
e^^UExposed^^UInfectious^^URecovered^^USusceptible)
[14] [15]
Overfull \hbox (13.82657pt too wide) in paragraph at lines 929--932
[]\T1/ptm/m/n/10 An []\T1/zi4/m/n/10 epi_model []\T1/ptm/m/n/10 ob-ject rep-re-
sent-ing a de-ter-min-is-tic \T1/ptm/b/n/10 SEIR \T1/ptm/m/n/10 (Sus-cep-ti-ble
^^UExposed^^UInfectious^^URecovered)
[16] [17] [18]
Overfull \hbox (1.16788pt too wide) in paragraph at lines 1114--1120
\T1/ptm/m/n/10 ting la-bels and does not af-fect the nu-mer-i-cal sim-u-la-tion
. The op-tional []\T1/zi4/m/n/10 time_unit

Overfull \hbox (15.49828pt too wide) in paragraph at lines 1121--1124
[]\T1/ptm/m/n/10 Named nu-meric vec-tor of model pa-ram-e-ters. Names must matc
h []\T1/zi4/m/n/10 model$par_names[]\T1/ptm/m/n/10 .
[19]
Overfull \hbox (12.1558pt too wide) in paragraph at lines 1146--1149
[]\T1/ptm/m/n/10 The []\T1/zi4/m/n/10 model []\T1/ptm/m/n/10 ar-gu-ment must be
 an ob-ject of class []\T1/zi4/m/n/10 "epi_model"[]\T1/ptm/m/n/10 , typ-i-cally
 cre-ated with [][][]\T1/zi4/m/n/10 new_epi_model[][][][]\T1/ptm/m/n/10 .

Overfull \hbox (21.92503pt too wide) in paragraph at lines 1158--1162
[]\T1/ptm/m/n/10 Optionally, the model may de-fine a la-tent in-ci-dence pro-ce
ss by re-turn-ing a vari-able named []\T1/zi4/m/n/10 "incidence"
[20]
Overfull \hbox (4.10544pt too wide) in paragraph at lines 1218--1220
[]\T1/ptm/m/n/10 If []\T1/zi4/m/n/10 method []\T1/ptm/m/n/10 is not sup-plied, 
[]\T1/zi4/m/n/10 deSolve::ode() []\T1/ptm/m/n/10 uses its de-fault in-te-gra-ti
on method (typ-i-cally []\T1/zi4/m/n/10 "lsoda"[]\T1/ptm/m/n/10 ). 
[21]
Overfull \hbox (24.3861pt too wide) in paragraph at lines 1322--1325
[]\T1/ptm/m/n/10 An []\T1/zi4/m/n/10 epi_model []\T1/ptm/m/n/10 ob-ject rep-re-
sent-ing a de-ter-min-is-tic \T1/ptm/b/n/10 SIRS \T1/ptm/m/n/10 (Sus-cep-ti-ble
^^UInfectious^^URecovered^^USusceptible)
[22] [23] [24] [25] [26] [27] [28] (/tmp/Rtmp0myExs/Rd2pdf20516f9ee26c/Rd2.ind
[29]

LaTeX Font Warning: Font shape `T1/zi4/m/it' undefined
(Font)              using `T1/zi4/m/n' instead on input line 43.

[30]) (/tmp/Rtmp0myExs/Rd2pdf20516f9ee26c/Rd2.aux)

LaTeX Font Warning: Some font shapes were not available, defaults substituted.


Package rerunfilecheck Warning: File `Rd2.out' has changed.
(rerunfilecheck)                Rerun to get outlines right
(rerunfilecheck)                or use package `bookmark'.

 )
(see the transcript file for additional information)
pdfTeX warning (dest): name{Rfn.summary} has been referenced but does not exist
, replaced by a fixed one


pdfTeX warning (dest): name{Rfn.print} has been referenced but does not exist, 
replaced by a fixed one


pdfTeX warning (dest): name{Rfn.matplot} has been referenced but does not exist
, replaced by a fixed one


pdfTeX warning (dest): name{Rfn.plot} has been referenced but does not exist, r
eplaced by a fixed one


pdfTeX warning (dest): name{Rfn.ode} has been referenced but does not exist, re
placed by a fixed one


pdfTeX warning (dest): name{Rfn.optim} has been referenced but does not exist, 
replaced by a fixed one


pdfTeX warning (dest): name{Rfn.epi.Rul.model} has been referenced but does not
 exist, replaced by a fixed one

</usr/share/texlive/texmf-dist/fonts/type1/public/inconsolata/Inconsolata-zi4r.
pfb></usr/share/texlive/texmf-dist/fonts/type1/public/amsfonts/cm/cmmi10.pfb></
usr/share/texlive/texmf-dist/fonts/type1/public/amsfonts/cm/cmmi7.pfb></usr/sha
re/texlive/texmf-dist/fonts/type1/public/amsfonts/cm/cmr10.pfb></usr/share/texl
ive/texmf-dist/fonts/type1/public/amsfonts/cm/cmr7.pfb></usr/share/texlive/texm
f-dist/fonts/type1/public/amsfonts/cm/cmsy10.pfb></usr/share/texlive/texmf-dist
/fonts/type1/urw/times/utmb8a.pfb></usr/share/texlive/texmf-dist/fonts/type1/ur
w/times/utmr8a.pfb></usr/share/texlive/texmf-dist/fonts/type1/urw/times/utmr8a.
pfb></usr/share/texlive/texmf-dist/fonts/type1/urw/times/utmri8a.pfb>
Output written on Rd2.pdf (30 pages, 194263 bytes).
Transcript written on Rd2.log.
This is makeindex, version 2.17 [TeX Live 2023] (kpathsea + Thai support).
Scanning input file Rd2.idx....done (98 entries accepted, 0 rejected).
Sorting entries....done (739 comparisons).
Generating output file Rd2.ind....done (90 lines written, 0 warnings).
Output written in Rd2.ind.
Transcript written in Rd2.ilg.
This is pdfTeX, Version 3.141592653-2.6-1.40.25 (TeX Live 2023/Debian) (preloaded format=pdflatex)
 restricted \write18 enabled.
entering extended mode
LaTeX2e <2023-11-01> patch level 1
L3 programming layer <2024-01-22>
(./Rd2.tex
(/usr/share/texlive/texmf-dist/tex/latex/base/book.cls
Document Class: book 2023/05/17 v1.4n Standard LaTeX document class
(/usr/share/texlive/texmf-dist/tex/latex/base/bk10.clo))
(/usr/share/R/share/texmf/tex/latex/Rd.sty
(/usr/share/texlive/texmf-dist/tex/latex/base/ifthen.sty)
(/usr/share/texlive/texmf-dist/tex/generic/iftex/iftex.sty)
(/usr/share/texlive/texmf-dist/tex/latex/tools/longtable.sty)
(/usr/share/texlive/texmf-dist/tex/latex/tools/bm.sty)
(/usr/share/texlive/texmf-dist/tex/latex/base/alltt.sty)
(/usr/share/texlive/texmf-dist/tex/latex/tools/verbatim.sty)
(/usr/share/texlive/texmf-dist/tex/latex/url/url.sty)
(/usr/share/texlive/texmf-dist/tex/latex/base/textcomp.sty)
(/usr/share/texlive/texmf-dist/tex/latex/amsmath/amsmath.sty
For additional information on amsmath, use the `?' option.
(/usr/share/texlive/texmf-dist/tex/latex/amsmath/amstext.sty
(/usr/share/texlive/texmf-dist/tex/latex/amsmath/amsgen.sty))
(/usr/share/texlive/texmf-dist/tex/latex/amsmath/amsbsy.sty)
(/usr/share/texlive/texmf-dist/tex/latex/amsmath/amsopn.sty))
(/usr/share/texlive/texmf-dist/tex/latex/amsfonts/amsfonts.sty)
(/usr/share/texlive/texmf-dist/tex/latex/amsfonts/amssymb.sty)
(/usr/share/texlive/texmf-dist/tex/latex/jknapltx/mathrsfs.sty)
(/usr/share/texlive/texmf-dist/tex/latex/base/fontenc.sty)
(/usr/share/texlive/texmf-dist/tex/latex/psnfss/times.sty)
(/usr/share/texlive/texmf-dist/tex/latex/inconsolata/zi4.sty
`inconsolata-zi4' v1.12, 2019/05/17 Text macros for Inconsolata (msharpe)
(/usr/share/texlive/texmf-dist/tex/latex/xkeyval/xkeyval.sty
(/usr/share/texlive/texmf-dist/tex/generic/xkeyval/xkeyval.tex
(/usr/share/texlive/texmf-dist/tex/generic/xkeyval/xkvutils.tex
(/usr/share/texlive/texmf-dist/tex/generic/xkeyval/keyval.tex)))))
(/usr/share/texlive/texmf-dist/tex/latex/graphics/color.sty
(/usr/share/texlive/texmf-dist/tex/latex/graphics-cfg/color.cfg)
(/usr/share/texlive/texmf-dist/tex/latex/graphics-def/pdftex.def)
(/usr/share/texlive/texmf-dist/tex/latex/graphics/mathcolor.ltx))
(/usr/share/texlive/texmf-dist/tex/latex/hyperref/hyperref.sty
(/usr/share/texlive/texmf-dist/tex/latex/kvsetkeys/kvsetkeys.sty)
(/usr/share/texlive/texmf-dist/tex/generic/kvdefinekeys/kvdefinekeys.sty)
(/usr/share/texlive/texmf-dist/tex/generic/pdfescape/pdfescape.sty
(/usr/share/texlive/texmf-dist/tex/generic/ltxcmds/ltxcmds.sty)
(/usr/share/texlive/texmf-dist/tex/generic/pdftexcmds/pdftexcmds.sty
(/usr/share/texlive/texmf-dist/tex/generic/infwarerr/infwarerr.sty)))
(/usr/share/texlive/texmf-dist/tex/latex/hycolor/hycolor.sty)
(/usr/share/texlive/texmf-dist/tex/latex/auxhook/auxhook.sty)
(/usr/share/texlive/texmf-dist/tex/latex/hyperref/nameref.sty
(/usr/share/texlive/texmf-dist/tex/latex/refcount/refcount.sty)
(/usr/share/texlive/texmf-dist/tex/generic/gettitlestring/gettitlestring.sty
(/usr/share/texlive/texmf-dist/tex/latex/kvoptions/kvoptions.sty)))
(/usr/share/texlive/texmf-dist/tex/latex/etoolbox/etoolbox.sty)
(/usr/share/texlive/texmf-dist/tex/latex/hyperref/pd1enc.def)
(/usr/share/texlive/texmf-dist/tex/generic/intcalc/intcalc.sty)
(/usr/share/texlive/texmf-dist/tex/latex/hyperref/puenc.def)
(/usr/share/texlive/texmf-dist/tex/generic/bitset/bitset.sty
(/usr/share/texlive/texmf-dist/tex/generic/bigintcalc/bigintcalc.sty))
(/usr/share/texlive/texmf-dist/tex/latex/base/atbegshi-ltx.sty))
(/usr/share/texlive/texmf-dist/tex/latex/hyperref/hpdftex.def
(/usr/share/texlive/texmf-dist/tex/latex/base/atveryend-ltx.sty)
(/usr/share/texlive/texmf-dist/tex/latex/rerunfilecheck/rerunfilecheck.sty
(/usr/share/texlive/texmf-dist/tex/generic/uniquecounter/uniquecounter.sty))))
(/usr/share/texlive/texmf-dist/tex/latex/base/makeidx.sty)
Writing index file Rd2.idx
(/usr/share/texlive/texmf-dist/tex/latex/psnfss/t1ptm.fd)
(/usr/share/texlive/texmf-dist/tex/latex/l3backend/l3backend-pdftex.def)
(/tmp/Rtmp0myExs/Rd2pdf20516f9ee26c/Rd2.aux)
(/usr/share/texlive/texmf-dist/tex/context/base/mkii/supp-pdf.mkii
[Loading MPS to PDF converter (version 2006.09.02).]
) (/tmp/Rtmp0myExs/Rd2pdf20516f9ee26c/Rd2.out)
(/tmp/Rtmp0myExs/Rd2pdf20516f9ee26c/Rd2.out)
(/usr/share/texlive/texmf-dist/tex/latex/inconsolata/t1zi4.fd)
(/usr/share/texlive/texmf-dist/tex/latex/amsfonts/umsa.fd)
(/usr/share/texlive/texmf-dist/tex/latex/amsfonts/umsb.fd)
(/usr/share/texlive/texmf-dist/tex/latex/jknapltx/ursfs.fd)
(/tmp/Rtmp0myExs/Rd2pdf20516f9ee26c/Rd2.toc [1{/var/lib/texmf/fonts/map/pdftex/
updmap/pdftex.map}{/usr/share/texlive/texmf-dist/fonts/enc/dvips/base/8r.enc}{/
usr/share/texlive/texmf-dist/fonts/enc/dvips/inconsolata/i4-t1-0.enc}])
[2] (/usr/share/texlive/texmf-dist/tex/latex/psnfss/ts1ptm.fd) [3]
Overfull \hbox (34.55869pt too wide) in paragraph at lines 191--195
\T1/ptm/m/n/10 faults to []\T1/zi4/m/n/10 "L-BFGS-B"[]\T1/ptm/m/n/10 . Meth-ods
 that do not sup-port box con-straints (e.g. []\T1/zi4/m/n/10 "Nelder-Mead"[]\T
1/ptm/m/n/10 )
[4] [5] [6]
Overfull \hbox (7.88837pt too wide) in paragraph at lines 340--343
[]\T1/ptm/m/n/10 Function defin-ing the ODE sys-tem. Must have sig-na-ture []\T
1/zi4/m/n/10 function(time, state,
[7] (/usr/share/texlive/texmf-dist/tex/latex/inconsolata/ts1zi4.fd) [8{/usr/sha
re/texlive/texmf-dist/fonts/enc/dvips/inconsolata/i4-ts1.enc}] [9]
Overfull \hbox (7.05838pt too wide) in paragraph at lines 541--543
[]\T1/ptm/m/n/10 Optional nu-meric vec-tor of time points. Over-rides []\T1/zi4
/m/n/10 n_days[]\T1/ptm/m/n/10 . De-faults to []\T1/zi4/m/n/10 0:(n_days
[10] [11] [12] [13]
Overfull \hbox (70.49583pt too wide) in paragraph at lines 777--780
[]\T1/ptm/m/n/10 An []\T1/zi4/m/n/10 epi_model []\T1/ptm/m/n/10 ob-ject rep-re-
sent-ing a de-ter-min-is-tic \T1/ptm/b/n/10 SEIRS \T1/ptm/m/n/10 (Sus-cep-ti-bl
e^^UExposed^^UInfectious^^URecovered^^USusceptible)
[14] [15]
Overfull \hbox (13.82657pt too wide) in paragraph at lines 929--932
[]\T1/ptm/m/n/10 An []\T1/zi4/m/n/10 epi_model []\T1/ptm/m/n/10 ob-ject rep-re-
sent-ing a de-ter-min-is-tic \T1/ptm/b/n/10 SEIR \T1/ptm/m/n/10 (Sus-cep-ti-ble
^^UExposed^^UInfectious^^URecovered)
[16] [17] [18]
Overfull \hbox (1.16788pt too wide) in paragraph at lines 1114--1120
\T1/ptm/m/n/10 ting la-bels and does not af-fect the nu-mer-i-cal sim-u-la-tion
. The op-tional []\T1/zi4/m/n/10 time_unit

Overfull \hbox (15.49828pt too wide) in paragraph at lines 1121--1124
[]\T1/ptm/m/n/10 Named nu-meric vec-tor of model pa-ram-e-ters. Names must matc
h []\T1/zi4/m/n/10 model$par_names[]\T1/ptm/m/n/10 .
[19]
Overfull \hbox (12.1558pt too wide) in paragraph at lines 1146--1149
[]\T1/ptm/m/n/10 The []\T1/zi4/m/n/10 model []\T1/ptm/m/n/10 ar-gu-ment must be
 an ob-ject of class []\T1/zi4/m/n/10 "epi_model"[]\T1/ptm/m/n/10 , typ-i-cally
 cre-ated with [][][]\T1/zi4/m/n/10 new_epi_model[][][][]\T1/ptm/m/n/10 .

Overfull \hbox (21.92503pt too wide) in paragraph at lines 1158--1162
[]\T1/ptm/m/n/10 Optionally, the model may de-fine a la-tent in-ci-dence pro-ce
ss by re-turn-ing a vari-able named []\T1/zi4/m/n/10 "incidence"
[20]
Overfull \hbox (4.10544pt too wide) in paragraph at lines 1218--1220
[]\T1/ptm/m/n/10 If []\T1/zi4/m/n/10 method []\T1/ptm/m/n/10 is not sup-plied, 
[]\T1/zi4/m/n/10 deSolve::ode() []\T1/ptm/m/n/10 uses its de-fault in-te-gra-ti
on method (typ-i-cally []\T1/zi4/m/n/10 "lsoda"[]\T1/ptm/m/n/10 ). 
[21]
Overfull \hbox (24.3861pt too wide) in paragraph at lines 1322--1325
[]\T1/ptm/m/n/10 An []\T1/zi4/m/n/10 epi_model []\T1/ptm/m/n/10 ob-ject rep-re-
sent-ing a de-ter-min-is-tic \T1/ptm/b/n/10 SIRS \T1/ptm/m/n/10 (Sus-cep-ti-ble
^^UInfectious^^URecovered^^USusceptible)
[22] [23] [24] [25] [26] [27] [28] (/tmp/Rtmp0myExs/Rd2pdf20516f9ee26c/Rd2.ind
[29]

LaTeX Font Warning: Font shape `T1/zi4/m/it' undefined
(Font)              using `T1/zi4/m/n' instead on input line 43.

[30]) (/tmp/Rtmp0myExs/Rd2pdf20516f9ee26c/Rd2.aux)

LaTeX Font Warning: Some font shapes were not available, defaults substituted.

 )
(see the transcript file for additional information)
pdfTeX warning (dest): name{Rfn.summary} has been referenced but does not exist
, replaced by a fixed one


pdfTeX warning (dest): name{Rfn.print} has been referenced but does not exist, 
replaced by a fixed one


pdfTeX warning (dest): name{Rfn.matplot} has been referenced but does not exist
, replaced by a fixed one


pdfTeX warning (dest): name{Rfn.plot} has been referenced but does not exist, r
eplaced by a fixed one


pdfTeX warning (dest): name{Rfn.ode} has been referenced but does not exist, re
placed by a fixed one


pdfTeX warning (dest): name{Rfn.optim} has been referenced but does not exist, 
replaced by a fixed one


pdfTeX warning (dest): name{Rfn.epi.Rul.model} has been referenced but does not
 exist, replaced by a fixed one

</usr/share/texlive/texmf-dist/fonts/type1/public/inconsolata/Inconsolata-zi4r.
pfb></usr/share/texlive/texmf-dist/fonts/type1/public/amsfonts/cm/cmmi10.pfb></
usr/share/texlive/texmf-dist/fonts/type1/public/amsfonts/cm/cmmi7.pfb></usr/sha
re/texlive/texmf-dist/fonts/type1/public/amsfonts/cm/cmr10.pfb></usr/share/texl
ive/texmf-dist/fonts/type1/public/amsfonts/cm/cmr7.pfb></usr/share/texlive/texm
f-dist/fonts/type1/public/amsfonts/cm/cmsy10.pfb></usr/share/texlive/texmf-dist
/fonts/type1/urw/times/utmb8a.pfb></usr/share/texlive/texmf-dist/fonts/type1/ur
w/times/utmr8a.pfb></usr/share/texlive/texmf-dist/fonts/type1/urw/times/utmr8a.
pfb></usr/share/texlive/texmf-dist/fonts/type1/urw/times/utmri8a.pfb>
Output written on Rd2.pdf (30 pages, 194824 bytes).
Transcript written on Rd2.log.
Saving output to ‘SIR-manual.pdf’ ...
Done
You may want to clean up by 'rm -Rf /tmp/Rtmp0myExs/Rd2pdf20516f9ee26c'
